[debug] [2021-01-06T13:04:22.752Z] ----------------------------------------------------------------------
[debug] [2021-01-06T13:04:22.761Z] Command:       E:\program files\nodejs\node.exe C:\Users\admin\AppData\Roaming\npm\node_modules\firebase-tools\lib\bin\firebase.js deploy
[debug] [2021-01-06T13:04:22.762Z] CLI Version:   9.1.0
[debug] [2021-01-06T13:04:22.763Z] Platform:      win32
[debug] [2021-01-06T13:04:22.763Z] Node Version:  v12.16.3
[debug] [2021-01-06T13:04:22.767Z] Time:          Wed Jan 06 2021 15:04:22 GMT+0200 (Eastern European Standard Time)
[debug] [2021-01-06T13:04:22.768Z] ----------------------------------------------------------------------
[debug] [2021-01-06T13:04:22.769Z] 
[debug] [2021-01-06T13:04:22.802Z] > command requires scopes: ["email","openid","https://www.googleapis.com/auth/cloudplatformprojects.readonly","https://www.googleapis.com/auth/firebase","https://www.googleapis.com/auth/cloud-platform"]
[debug] [2021-01-06T13:04:22.804Z] > authorizing via signed-in user
[debug] [2021-01-06T13:04:22.805Z] [iam] checking project my-quizz-e1ac2 for permissions ["firebase.projects.get","firebasehosting.sites.update"]
[debug] [2021-01-06T13:04:22.816Z] > refreshing access token with scopes: ["email","https://www.googleapis.com/auth/cloud-platform","https://www.googleapis.com/auth/cloudplatformprojects.readonly","https://www.googleapis.com/auth/firebase","openid"]
[debug] [2021-01-06T13:04:22.817Z] >>> HTTP REQUEST POST https://www.googleapis.com/oauth2/v3/token  
 <request body omitted>
[debug] [2021-01-06T13:04:23.196Z] <<< HTTP RESPONSE 200 {"pragma":"no-cache","date":"Wed, 06 Jan 2021 13:04:23 GMT","cache-control":"no-cache, no-store, max-age=0, must-revalidate","expires":"Mon, 01 Jan 1990 00:00:00 GMT","content-type":"application/json; charset=utf-8","vary":"X-Origin, Referer, Origin,Accept-Encoding","server":"scaffolding on HTTPServer2","x-xss-protection":"0","x-frame-options":"SAMEORIGIN","x-content-type-options":"nosniff","alt-svc":"h3-29=\":443\"; ma=2592000,h3-T051=\":443\"; ma=2592000,h3-Q050=\":443\"; ma=2592000,h3-Q046=\":443\"; ma=2592000,h3-Q043=\":443\"; ma=2592000,quic=\":443\"; ma=2592000; v=\"46,43\"","accept-ranges":"none","transfer-encoding":"chunked"}
[debug] [2021-01-06T13:04:23.255Z] >>> HTTP REQUEST POST https://cloudresourcemanager.googleapis.com/v1/projects/my-quizz-e1ac2:testIamPermissions  
 {"permissions":["firebase.projects.get","firebasehosting.sites.update"]}
[debug] [2021-01-06T13:04:24.096Z] <<< HTTP RESPONSE 200 {"content-type":"application/json; charset=UTF-8","vary":"X-Origin, Referer, Origin,Accept-Encoding","date":"Wed, 06 Jan 2021 13:04:23 GMT","server":"ESF","cache-control":"private","x-xss-protection":"0","x-frame-options":"SAMEORIGIN","x-content-type-options":"nosniff","server-timing":"gfet4t7; dur=622","alt-svc":"h3-29=\":443\"; ma=2592000,h3-T051=\":443\"; ma=2592000,h3-Q050=\":443\"; ma=2592000,h3-Q046=\":443\"; ma=2592000,h3-Q043=\":443\"; ma=2592000,quic=\":443\"; ma=2592000; v=\"46,43\"","accept-ranges":"none","transfer-encoding":"chunked"}
[debug] [2021-01-06T13:04:24.100Z] >>> HTTP REQUEST GET https://firebase.googleapis.com/v1beta1/projects/my-quizz-e1ac2  
 
[debug] [2021-01-06T13:04:24.460Z] <<< HTTP RESPONSE 200 {"content-type":"application/json; charset=UTF-8","vary":"X-Origin, Referer, Origin,Accept-Encoding","date":"Wed, 06 Jan 2021 13:04:24 GMT","server":"ESF","cache-control":"private","x-xss-protection":"0","x-frame-options":"SAMEORIGIN","x-content-type-options":"nosniff","alt-svc":"h3-29=\":443\"; ma=2592000,h3-T051=\":443\"; ma=2592000,h3-Q050=\":443\"; ma=2592000,h3-Q046=\":443\"; ma=2592000,h3-Q043=\":443\"; ma=2592000,quic=\":443\"; ma=2592000; v=\"46,43\"","accept-ranges":"none","transfer-encoding":"chunked"}
[info] 
[info] === Deploying to 'my-quizz-e1ac2'...
[info] 
[info] i  deploying hosting 
[debug] [2021-01-06T13:04:24.489Z] >>> HTTP REQUEST POST https://firebasehosting.googleapis.com/v1beta1/sites/my-quizz-e1ac2/versions  
 {"config":{"rewrites":[{"glob":"**","path":"/index.html"}]},"labels":{"deployment-tool":"cli-firebase"}}
[debug] [2021-01-06T13:04:25.814Z] <<< HTTP RESPONSE 200 {"content-type":"application/json; charset=UTF-8","vary":"X-Origin, Referer, Origin,Accept-Encoding","date":"Wed, 06 Jan 2021 13:04:25 GMT","server":"ESF","cache-control":"private","x-xss-protection":"0","x-frame-options":"SAMEORIGIN","x-content-type-options":"nosniff","alt-svc":"h3-29=\":443\"; ma=2592000,h3-T051=\":443\"; ma=2592000,h3-Q050=\":443\"; ma=2592000,h3-Q046=\":443\"; ma=2592000,h3-Q043=\":443\"; ma=2592000,quic=\":443\"; ma=2592000; v=\"46,43\"","accept-ranges":"none","transfer-encoding":"chunked"}
[info] i  hosting[my-quizz-e1ac2]: beginning deploy... 
[info] i  hosting[my-quizz-e1ac2]: found 20 files in dist 
[debug] [2021-01-06T13:04:25.880Z] > refreshing access token with scopes: []
[debug] [2021-01-06T13:04:25.880Z] >>> HTTP REQUEST POST https://www.googleapis.com/oauth2/v3/token  
 <request body omitted>
[debug] [2021-01-06T13:04:25.903Z] [hosting] hash cache [ZGlzdA] stored for 20 files
[debug] [2021-01-06T13:04:25.904Z] [hosting][hash queue][FINAL] {"max":10,"min":2,"avg":2,"active":0,"complete":20,"success":20,"errored":0,"retried":0,"total":20,"elapsed":39}
[debug] [2021-01-06T13:04:26.116Z] <<< HTTP RESPONSE 200 {"cache-control":"no-cache, no-store, max-age=0, must-revalidate","date":"Wed, 06 Jan 2021 13:04:26 GMT","expires":"Mon, 01 Jan 1990 00:00:00 GMT","pragma":"no-cache","content-type":"application/json; charset=utf-8","vary":"X-Origin, Referer, Origin,Accept-Encoding","server":"scaffolding on HTTPServer2","x-xss-protection":"0","x-frame-options":"SAMEORIGIN","x-content-type-options":"nosniff","alt-svc":"h3-29=\":443\"; ma=2592000,h3-T051=\":443\"; ma=2592000,h3-Q050=\":443\"; ma=2592000,h3-Q046=\":443\"; ma=2592000,h3-Q043=\":443\"; ma=2592000,quic=\":443\"; ma=2592000; v=\"46,43\"","accept-ranges":"none","transfer-encoding":"chunked"}
[debug] [2021-01-06T13:04:26.160Z] >>> [apiv2][query] POST https://firebasehosting.googleapis.com/v1beta1/sites/my-quizz-e1ac2/versions/94afbd438128e338:populateFiles [none]
[debug] [2021-01-06T13:04:26.160Z] >>> [apiv2][body] POST https://firebasehosting.googleapis.com/v1beta1/sites/my-quizz-e1ac2/versions/94afbd438128e338:populateFiles {"files":{"/asset-manifest.json":"255d825513b4e4618d0d13d0c06d8b4f3a87fa815090492a3b00ad5401f77020","/index.html":"dc642310e61469251968a274c0daa4ce7819e8772b1430f20c393ba74d8dde7a","/manifest.json":"aff3449bdc238776f5d6d967f19ec491b36aed5fb7f23ccff6500736fd58494a","/precache-manifest.861453c2ed54682a152de4a65b2f855b.js":"111af3e4de3184a6a7ccb7c7fd1657b1a754d92da7aecfe7b8d537cdac304d91","/robots.txt":"bfe106a3fb878dc83461c86818bf74fc1bdc7f28538ba613cd3e775516ce8b49","/service-worker.js":"1fee5ba7e3c738c89c032045293cbc1a9996bc4e88c339eca6ca1194ea9f212e","/static/css/2.36020323.chunk.css":"2bbc59782a8f90b7568e339fabe3a40d3e59e0b767c243abbffe1f8ebecb6ded","/static/css/2.36020323.chunk.css.map":"2d9277dcf2cffddc46d685fa4054464616f0cd533c8c2e0a579f0aaa5e6b7673","/static/css/main.994abdbb.chunk.css":"2d0d9948b1a0da2404c22e60c8180257b33a23717b42e487a2bfe8d6b72553fd","/static/css/main.994abdbb.chunk.css.map":"7edae913fc9a2bb9f50b770db3d017fac7af641776328ec15e32a8dd4b4ae898","/static/js/2.769f9cdd.chunk.js":"f964aa3534c6528c5cd69cc4588cdf034648e7f2c43be38e7dd34fadca4defd3","/static/js/2.769f9cdd.chunk.js.LICENSE.txt":"b6bc078f5a86818ae08241ab54c60fee1d94df469b3fe13acbc553db89f6ec2f","/static/js/2.769f9cdd.chunk.js.map":"7b38c84d9b486de2410dda3ef2213acef281bdd99f19d87f0344c5b599ab0ad5","/static/js/main.681281f0.chunk.js":"ecfd330823d8920f6b67dfbed090be7253b51f41338271fb244fcf8aa91d8373","/static/js/main.681281f0.chunk.js.map":"833e83a6f9a1d79476623b4faf2ebb8ebc8f18cfbcf8f4d3166b4565d8c2ec59","/static/js/runtime-main.6f2e89d8.js":"5b920d9ac474e32796c218d74ff23042fc3bd10d8f6dcff1152c608c143d8fcb","/static/js/runtime-main.6f2e89d8.js.map":"e48cb6450e918d9aca4c9a363893cb3106c7950a30e48f3c99a094476911c8ab","/static/media/create.783203ea.png":"8c26ac5edf0b342ee7a0f566ad2b2874d91aa34ad13f88cd386086a388679879","/static/media/signin.d586706c.jpg":"1ed58c1cb767ae823d1ece6d9b2f867684f7701c97a5d6a92cff4b6f4099d632","/static/media/signup.75eb7c4e.jpg":"576b385c337632ebebe214ab6c82151fe19e0e53d228c62d66ea797536d4abfd"}}
[debug] [2021-01-06T13:04:27.268Z] <<< [apiv2][status] POST https://firebasehosting.googleapis.com/v1beta1/sites/my-quizz-e1ac2/versions/94afbd438128e338:populateFiles 200
[debug] [2021-01-06T13:04:27.268Z] <<< [apiv2][body] POST https://firebasehosting.googleapis.com/v1beta1/sites/my-quizz-e1ac2/versions/94afbd438128e338:populateFiles {"uploadRequiredHashes":["7b38c84d9b486de2410dda3ef2213acef281bdd99f19d87f0344c5b599ab0ad5"],"uploadUrl":"https://upload-firebasehosting.googleapis.com/upload/sites/my-quizz-e1ac2/versions/94afbd438128e338/files"}
[debug] [2021-01-06T13:04:27.273Z] >>> [apiv2][query] POST https://upload-firebasehosting.googleapis.com/upload/sites/my-quizz-e1ac2/versions/94afbd438128e338/files/7b38c84d9b486de2410dda3ef2213acef281bdd99f19d87f0344c5b599ab0ad5 [none]
[debug] [2021-01-06T13:04:27.274Z] >>> [apiv2][body] POST https://upload-firebasehosting.googleapis.com/upload/sites/my-quizz-e1ac2/versions/94afbd438128e338/files/7b38c84d9b486de2410dda3ef2213acef281bdd99f19d87f0344c5b599ab0ad5 [stream]
[debug] [2021-01-06T13:04:27.278Z] [hosting][populate queue][FINAL] {"max":1397,"min":1397,"avg":1397,"active":0,"complete":1,"success":1,"errored":0,"retried":0,"total":1,"elapsed":1402}
[debug] [2021-01-06T13:04:27.279Z] [hosting] uploads queued: 1
[debug] [2021-01-06T13:06:12.299Z] [uploadQueue] Retrying task 7b38c84d9b486de2410dda3ef2213acef281bdd99f19d87f0344c5b599ab0ad5
[debug] [2021-01-06T13:06:12.302Z] >>> [apiv2][query] POST https://upload-firebasehosting.googleapis.com/upload/sites/my-quizz-e1ac2/versions/94afbd438128e338/files/7b38c84d9b486de2410dda3ef2213acef281bdd99f19d87f0344c5b599ab0ad5 [none]
[debug] [2021-01-06T13:06:12.302Z] >>> [apiv2][body] POST https://upload-firebasehosting.googleapis.com/upload/sites/my-quizz-e1ac2/versions/94afbd438128e338/files/7b38c84d9b486de2410dda3ef2213acef281bdd99f19d87f0344c5b599ab0ad5 [stream]
[debug] [2021-01-06T13:07:57.725Z] [uploadQueue] Retrying task 7b38c84d9b486de2410dda3ef2213acef281bdd99f19d87f0344c5b599ab0ad5
[debug] [2021-01-06T13:07:57.727Z] >>> [apiv2][query] POST https://upload-firebasehosting.googleapis.com/upload/sites/my-quizz-e1ac2/versions/94afbd438128e338/files/7b38c84d9b486de2410dda3ef2213acef281bdd99f19d87f0344c5b599ab0ad5 [none]
[debug] [2021-01-06T13:07:57.728Z] >>> [apiv2][body] POST https://upload-firebasehosting.googleapis.com/upload/sites/my-quizz-e1ac2/versions/94afbd438128e338/files/7b38c84d9b486de2410dda3ef2213acef281bdd99f19d87f0344c5b599ab0ad5 [stream]
